Traceback (most recent call last):
  File "run.py", line 1, in <module>
    from typeforms import *
  File "/home/crewmana/system2.5/typeforms.py", line 3, in <module>
    import requests
ImportError: No module named requests
Traceback (most recent call last):
  File "run.py", line 1, in <module>
    from typeforms import *
  File "/home/crewmana/system2.5/typeforms.py", line 3, in <module>
    import requests
ImportError: No module named requests
/home/crewmana/system2.5/run.py: line 1: from: command not found
/home/crewmana/system2.5/run.py: line 2: from: command not found
/home/crewmana/system2.5/run.py: line 3: from: command not found
/home/crewmana/system2.5/run.py: line 4: from: command not found
/home/crewmana/system2.5/run.py: line 5: from: command not found
/home/crewmana/system2.5/run.py: line 6: from: command not found
/home/crewmana/system2.5/run.py: line 7: from: command not found
import: unable to open X server `' @ error/import.c/ImportImageCommand/368.
/home/crewmana/system2.5/run.py: line 10: syntax error near unexpected token `('
/home/crewmana/system2.5/run.py: line 10: `rpm = PreMachine()'
Traceback (most recent call last):
  File "run.py", line 1, in <module>
    from typeforms import *
  File "/home/crewmana/system2.5/typeforms.py", line 3, in <module>
    import requests
ImportError: No module named requests
Traceback (most recent call last):
  File "run.py", line 1, in <module>
    from typeforms import *
  File "/home/crewmana/system2.5/typeforms.py", line 3, in <module>
    import requests
ImportError: No module named requests
Traceback (most recent call last):
  File "run.py", line 1, in <module>
    from typeforms import *
  File "/home/crewmana/system2.5/typeforms.py", line 3, in <module>
    import requests
ImportError: No module named requests
Traceback (most recent call last):
  File "run.py", line 1, in <module>
    from typeforms import *
  File "/home/crewmana/system2.5/typeforms.py", line 3, in <module>
    import requests
ImportError: No module named requests
Traceback (most recent call last):
  File "run.py", line 1, in <module>
    from typeforms import *
  File "/home/crewmana/system2.5/typeforms.py", line 3, in <module>
    import requests
ImportError: No module named requests
Traceback (most recent call last):
  File "run.py", line 1, in <module>
    from typeforms import *
  File "/home/crewmana/system2.5/typeforms.py", line 3, in <module>
    import requests
ImportError: No module named requests
Traceback (most recent call last):
  File "/home/crewmana/system2.5/run.py", line 1, in <module>
    from typeforms import *
  File "/home/crewmana/system2.5/typeforms.py", line 3, in <module>
    import requests
ImportError: No module named requests
Traceback (most recent call last):
  File "/home/crewmana/system2.5/run.py", line 1, in <module>
    from typeforms import *
  File "/home/crewmana/system2.5/typeforms.py", line 3, in <module>
    import requests
ImportError: No module named requests
Traceback (most recent call last):
  File "/home/crewmana/system2.5/run.py", line 1, in <module>
    from typeforms import *
  File "/home/crewmana/system2.5/typeforms.py", line 3, in <module>
    import requests
ImportError: No module named requests
